0 silly argv {
0 silly argv   _: [ 'version' ],
0 silly argv   lernaVersion: '3.22.1',
0 silly argv   '$0': 'd:\\Program Files\\nodejs\\node_modules\\lerna\\cli.js'
0 silly argv }
1 notice cli v3.22.1
2 verbose rootPath D:\imooc\donaf-cli-dev
3 info current version 1.0.0
4 silly isAnythingCommitted
5 verbose isAnythingCommitted 1
6 silly currentBranch
7 verbose currentBranch main
8 silly remoteBranchExists
9 silly isBehindUpstream
10 silly isBehindUpstream main is behind origin/main by 0 commit(s) and ahead by 0
11 silly hasTags
12 verbose hasTags false
13 info Assuming all packages changed
14 verbose updated @donaf-cli-dev/core
15 verbose updated @donaf-cli-dev/utils
16 verbose git-describe undefined => "e1b3764"
17 silly git-describe parsed => {"refCount":"1","sha":"e1b3764","isDirty":false}
18 info execute Skipping releases
19 silly lifecycle No script for "preversion" in "donaf-cli-dev", continuing
20 silly lifecycle No script for "preversion" in "@donaf-cli-dev/utils", continuing
21 silly lifecycle No script for "version" in "@donaf-cli-dev/utils", continuing
22 silly lifecycle No script for "preversion" in "@donaf-cli-dev/core", continuing
23 silly lifecycle No script for "version" in "@donaf-cli-dev/core", continuing
24 silly lifecycle No script for "version" in "donaf-cli-dev", continuing
25 silly gitAdd [
25 silly gitAdd   'packages/utils/package.json',
25 silly gitAdd   'packages/utils/package-lock.json',
25 silly gitAdd   'packages/core/package.json',
25 silly gitAdd   'packages/core/package-lock.json',
25 silly gitAdd   'lerna.json'
25 silly gitAdd ]
26 error Error: Command failed: git add -- packages/utils/package.json packages/utils/package-lock.json packages/core/package.json packages/core/package-lock.json lerna.json
26 error warning: LF will be replaced by CRLF in lerna.json.
26 error The file will have its original line endings in your working directory.
26 error warning: LF will be replaced by CRLF in packages/core/package.json.
26 error The file will have its original line endings in your working directory.
26 error warning: LF will be replaced by CRLF in packages/utils/package.json.
26 error The file will have its original line endings in your working directory.
26 error The following paths are ignored by one of your .gitignore files:
26 error packages/core/package-lock.json
26 error packages/utils/package-lock.json
26 error Use -f if you really want to add them.
26 error
26 error     at makeError (D:\imooc\donaf-cli-dev\node_modules\execa\index.js:174:9)
26 error     at D:\imooc\donaf-cli-dev\node_modules\execa\index.js:278:16
26 error     at processTicksAndRejections (internal/process/task_queues.js:97:5)
